/var/spool/slurmd/job11674/slurm_script: line 18: module: command not found
2025-10-18 22:36:09.535246: I tensorflow/tsl/cuda/cudart_stub.cc:28] Could not find cuda drivers on your machine, GPU will not be used.
2025-10-18 22:36:09.561165: E tensorflow/compiler/xla/stream_executor/cuda/cuda_dnn.cc:9342] Unable to register cuDNN factory: Attempting to register factory for plugin cuDNN when one has already been registered
2025-10-18 22:36:09.561193: E tensorflow/compiler/xla/stream_executor/cuda/cuda_fft.cc:609] Unable to register cuFFT factory: Attempting to register factory for plugin cuFFT when one has already been registered
2025-10-18 22:36:09.561218: E tensorflow/compiler/xla/stream_executor/cuda/cuda_blas.cc:1518] Unable to register cuBLAS factory: Attempting to register factory for plugin cuBLAS when one has already been registered
2025-10-18 22:36:09.566302: I tensorflow/tsl/cuda/cudart_stub.cc:28] Could not find cuda drivers on your machine, GPU will not be used.
2025-10-18 22:36:09.566445: I tensorflow/core/platform/cpu_feature_guard.cc:182] This TensorFlow binary is optimized to use available CPU instructions in performance-critical operations.
To enable the following instructions: AVX2 FMA, in other operations, rebuild TensorFlow with the appropriate compiler flags.
2025-10-18 22:36:10.513050: W tensorflow/compiler/tf2tensorrt/utils/py_utils.cc:38] TF-TRT Warning: Could not find TensorRT
[22:36:12] 

****
Pre-condition Violation
no owner
Violation occurred on line 146 in file /home/conda/feedstock_root/build_artifacts/rdkit-meta_1732947292231/work/Code/GraphMol/Atom.h
Failed Expression: dp_mol
----------
Stacktrace:
 0# Invar::Invariant::toString[abi:cxx11]() const in /home/ivanam/.conda/envs/bio_inf/lib/python3.11/site-packages/rdkit/../../../libRDKitRDGeneral.so.1
 1# Invar::operator<<(std::ostream&, Invar::Invariant const&) in /home/ivanam/.conda/envs/bio_inf/lib/python3.11/site-packages/rdkit/../../../libRDKitRDGeneral.so.1
 2# RDKit::Atom::getDegree() const in /home/ivanam/.conda/envs/bio_inf/lib/python3.11/site-packages/rdkit/Chem/../../../../libRDKitGraphMol.so.1
 3# 0x00007FC29B21F79A in /home/ivanam/.conda/envs/bio_inf/lib/python3.11/site-packages/rdkit/Chem/rdchem.so
 4# boost::python::objects::function::call(_object*, _object*) const in /home/ivanam/.conda/envs/bio_inf/lib/python3.11/site-packages/rdkit/../../../libboost_python311.so.1.86.0
 5# 0x00007FC29B766449 in /home/ivanam/.conda/envs/bio_inf/lib/python3.11/site-packages/rdkit/../../../libboost_python311.so.1.86.0
 6# boost::python::detail::exception_handler::operator()(boost::function_n<void> const&) const in /home/ivanam/.conda/envs/bio_inf/lib/python3.11/site-packages/rdkit/../../../libboost_python311.so.1.86.0
 7# 0x00007FC299129B14 in /home/ivanam/.conda/envs/bio_inf/lib/python3.11/site-packages/rdkit/Chem/rdSLNParse.so
 8# 0x00007FC299596384 in /home/ivanam/.conda/envs/bio_inf/lib/python3.11/site-packages/rdkit/Chem/rdChemReactions.so
 9# 0x00007FC2995963D4 in /home/ivanam/.conda/envs/bio_inf/lib/python3.11/site-packages/rdkit/Chem/rdChemReactions.so
10# 0x00007FC299716804 in /home/ivanam/.conda/envs/bio_inf/lib/python3.11/site-packages/rdkit/Chem/rdMolChemicalFeatures.so
11# 0x00007FC29A24D174 in /home/ivanam/.conda/envs/bio_inf/lib/python3.11/site-packages/rdkit/Chem/rdDepictor.so
12# 0x00007FC29A9ECCC4 in /home/ivanam/.conda/envs/bio_inf/lib/python3.11/site-packages/rdkit/Chem/rdmolfiles.so
13# 0x00007FC29A9ECD14 in /home/ivanam/.conda/envs/bio_inf/lib/python3.11/site-packages/rdkit/Chem/rdmolfiles.so
14# 0x00007FC29AB02A24 in /home/ivanam/.conda/envs/bio_inf/lib/python3.11/site-packages/rdkit/Chem/rdCIPLabeler.so
15# 0x00007FC29B268DC4 in /home/ivanam/.conda/envs/bio_inf/lib/python3.11/site-packages/rdkit/Chem/rdchem.so
16# 0x00007FC29B1FA56D in /home/ivanam/.conda/envs/bio_inf/lib/python3.11/site-packages/rdkit/Chem/rdchem.so
17# 0x00007FC29B1FA08D in /home/ivanam/.conda/envs/bio_inf/lib/python3.11/site-packages/rdkit/Chem/rdchem.so
18# 0x00007FC29B1F9BAD in /home/ivanam/.conda/envs/bio_inf/lib/python3.11/site-packages/rdkit/Chem/rdchem.so
19# 0x00007FC29B1F96CD in /home/ivanam/.conda/envs/bio_inf/lib/python3.11/site-packages/rdkit/Chem/rdchem.so
20# 0x00007FC29B1F91ED in /home/ivanam/.conda/envs/bio_inf/lib/python3.11/site-packages/rdkit/Chem/rdchem.so
21# 0x00007FC29B825A94 in /home/ivanam/.conda/envs/bio_inf/lib/python3.11/site-packages/rdkit/rdBase.so
22# 0x00007FC29B825AE4 in /home/ivanam/.conda/envs/bio_inf/lib/python3.11/site-packages/rdkit/rdBase.so
23# 0x00007FC29B825B34 in /home/ivanam/.conda/envs/bio_inf/lib/python3.11/site-packages/rdkit/rdBase.so
24# 0x00007FC29B825B84 in /home/ivanam/.conda/envs/bio_inf/lib/python3.11/site-packages/rdkit/rdBase.so
25# boost::python::handle_exception_impl(boost::function_n<void>) in /home/ivanam/.conda/envs/bio_inf/lib/python3.11/site-packages/rdkit/../../../libboost_python311.so.1.86.0
26# 0x00007FC29B7639B3 in /home/ivanam/.conda/envs/bio_inf/lib/python3.11/site-packages/rdkit/../../../libboost_python311.so.1.86.0
27# _PyObject_MakeTpCall in /home/ivanam/.conda/envs/bio_inf/bin/python
28# _PyEval_EvalFrameDefault in /home/ivanam/.conda/envs/bio_inf/bin/python
29# 0x0000560D9027442D in /home/ivanam/.conda/envs/bio_inf/bin/python
30# PyEval_EvalCode in /home/ivanam/.conda/envs/bio_inf/bin/python
31# 0x0000560D90292A1A in /home/ivanam/.conda/envs/bio_inf/bin/python
32# 0x0000560D9028E593 in /home/ivanam/.conda/envs/bio_inf/bin/python
33# 0x0000560D902A3930 in /home/ivanam/.conda/envs/bio_inf/bin/python
34# _PyRun_SimpleFileObject in /home/ivanam/.conda/envs/bio_inf/bin/python
35# _PyRun_AnyFileObject in /home/ivanam/.conda/envs/bio_inf/bin/python
36# Py_RunMain in /home/ivanam/.conda/envs/bio_inf/bin/python
37# Py_BytesMain in /home/ivanam/.conda/envs/bio_inf/bin/python
38# 0x00007FC30073E24A in /lib/x86_64-linux-gnu/libc.so.6
39# __libc_start_main in /lib/x86_64-linux-gnu/libc.so.6
40# 0x0000560D9026391D in /home/ivanam/.conda/envs/bio_inf/bin/python
----------
****

2025-10-18 22:36:12.648416: I tensorflow/compiler/xla/stream_executor/cuda/cuda_gpu_executor.cc:894] successful NUMA node read from SysFS had negative value (-1), but there must be at least one NUMA node, so returning NUMA node zero. See more at https://github.com/torvalds/linux/blob/v6.0/Documentation/ABI/testing/sysfs-bus-pci#L344-L355
2025-10-18 22:36:12.648813: W tensorflow/core/common_runtime/gpu/gpu_device.cc:2211] Cannot dlopen some GPU libraries. Please make sure the missing libraries mentioned above are installed properly if you would like to use GPU. Follow the guide at https://www.tensorflow.org/install/gpu for how to download and setup the required libraries for your platform.
Skipping registering GPU devices...
/home/ivanam/.conda/envs/bio_inf/lib/python3.11/site-packages/spektral/data/utils.py:221: UserWarning: you are shuffling a 'MyDataset' object which is not a subclass of 'Sequence'; `shuffle` is not guaranteed to behave correctly. E.g., non-numpy array/tensor objects with view semantics may contain duplicates after shuffling.
  np.random.shuffle(a)
