/var/spool/slurmd/job11956/slurm_script: line 18: module: command not found
2025-10-21 03:59:44.063671: I tensorflow/tsl/cuda/cudart_stub.cc:28] Could not find cuda drivers on your machine, GPU will not be used.
2025-10-21 03:59:44.088037: E tensorflow/compiler/xla/stream_executor/cuda/cuda_dnn.cc:9342] Unable to register cuDNN factory: Attempting to register factory for plugin cuDNN when one has already been registered
2025-10-21 03:59:44.088062: E tensorflow/compiler/xla/stream_executor/cuda/cuda_fft.cc:609] Unable to register cuFFT factory: Attempting to register factory for plugin cuFFT when one has already been registered
2025-10-21 03:59:44.088081: E tensorflow/compiler/xla/stream_executor/cuda/cuda_blas.cc:1518] Unable to register cuBLAS factory: Attempting to register factory for plugin cuBLAS when one has already been registered
2025-10-21 03:59:44.092682: I tensorflow/tsl/cuda/cudart_stub.cc:28] Could not find cuda drivers on your machine, GPU will not be used.
2025-10-21 03:59:44.092847: I tensorflow/core/platform/cpu_feature_guard.cc:182] This TensorFlow binary is optimized to use available CPU instructions in performance-critical operations.
To enable the following instructions: AVX2 FMA, in other operations, rebuild TensorFlow with the appropriate compiler flags.
2025-10-21 03:59:44.877720: W tensorflow/compiler/tf2tensorrt/utils/py_utils.cc:38] TF-TRT Warning: Could not find TensorRT
[03:59:46] 

****
Pre-condition Violation
no owner
Violation occurred on line 146 in file /home/conda/feedstock_root/build_artifacts/rdkit-meta_1732947292231/work/Code/GraphMol/Atom.h
Failed Expression: dp_mol
----------
Stacktrace:
 0# Invar::Invariant::toString[abi:cxx11]() const in /home/ivanam/.conda/envs/bio_inf/lib/python3.11/site-packages/rdkit/../../../libRDKitRDGeneral.so.1
 1# Invar::operator<<(std::ostream&, Invar::Invariant const&) in /home/ivanam/.conda/envs/bio_inf/lib/python3.11/site-packages/rdkit/../../../libRDKitRDGeneral.so.1
 2# RDKit::Atom::getDegree() const in /home/ivanam/.conda/envs/bio_inf/lib/python3.11/site-packages/rdkit/Chem/../../../../libRDKitGraphMol.so.1
 3# 0x00007FF27CF5279A in /home/ivanam/.conda/envs/bio_inf/lib/python3.11/site-packages/rdkit/Chem/rdchem.so
 4# boost::python::objects::function::call(_object*, _object*) const in /home/ivanam/.conda/envs/bio_inf/lib/python3.11/site-packages/rdkit/../../../libboost_python311.so.1.86.0
 5# 0x00007FF27D599449 in /home/ivanam/.conda/envs/bio_inf/lib/python3.11/site-packages/rdkit/../../../libboost_python311.so.1.86.0
 6# boost::python::detail::exception_handler::operator()(boost::function_n<void> const&) const in /home/ivanam/.conda/envs/bio_inf/lib/python3.11/site-packages/rdkit/../../../libboost_python311.so.1.86.0
 7# 0x00007FF27AE56B14 in /home/ivanam/.conda/envs/bio_inf/lib/python3.11/site-packages/rdkit/Chem/rdSLNParse.so
 8# 0x00007FF27B2C3384 in /home/ivanam/.conda/envs/bio_inf/lib/python3.11/site-packages/rdkit/Chem/rdChemReactions.so
 9# 0x00007FF27B2C33D4 in /home/ivanam/.conda/envs/bio_inf/lib/python3.11/site-packages/rdkit/Chem/rdChemReactions.so
10# 0x00007FF27B443804 in /home/ivanam/.conda/envs/bio_inf/lib/python3.11/site-packages/rdkit/Chem/rdMolChemicalFeatures.so
11# 0x00007FF27BF7A174 in /home/ivanam/.conda/envs/bio_inf/lib/python3.11/site-packages/rdkit/Chem/rdDepictor.so
12# 0x00007FF27C719CC4 in /home/ivanam/.conda/envs/bio_inf/lib/python3.11/site-packages/rdkit/Chem/rdmolfiles.so
13# 0x00007FF27C719D14 in /home/ivanam/.conda/envs/bio_inf/lib/python3.11/site-packages/rdkit/Chem/rdmolfiles.so
14# 0x00007FF288004A24 in /home/ivanam/.conda/envs/bio_inf/lib/python3.11/site-packages/rdkit/Chem/rdCIPLabeler.so
15# 0x00007FF27CF9BDC4 in /home/ivanam/.conda/envs/bio_inf/lib/python3.11/site-packages/rdkit/Chem/rdchem.so
16# 0x00007FF27CF2D56D in /home/ivanam/.conda/envs/bio_inf/lib/python3.11/site-packages/rdkit/Chem/rdchem.so
17# 0x00007FF27CF2D08D in /home/ivanam/.conda/envs/bio_inf/lib/python3.11/site-packages/rdkit/Chem/rdchem.so
18# 0x00007FF27CF2CBAD in /home/ivanam/.conda/envs/bio_inf/lib/python3.11/site-packages/rdkit/Chem/rdchem.so
19# 0x00007FF27CF2C6CD in /home/ivanam/.conda/envs/bio_inf/lib/python3.11/site-packages/rdkit/Chem/rdchem.so
20# 0x00007FF27CF2C1ED in /home/ivanam/.conda/envs/bio_inf/lib/python3.11/site-packages/rdkit/Chem/rdchem.so
21# 0x00007FF27D664A94 in /home/ivanam/.conda/envs/bio_inf/lib/python3.11/site-packages/rdkit/rdBase.so
22# 0x00007FF27D664AE4 in /home/ivanam/.conda/envs/bio_inf/lib/python3.11/site-packages/rdkit/rdBase.so
23# 0x00007FF27D664B34 in /home/ivanam/.conda/envs/bio_inf/lib/python3.11/site-packages/rdkit/rdBase.so
24# 0x00007FF27D664B84 in /home/ivanam/.conda/envs/bio_inf/lib/python3.11/site-packages/rdkit/rdBase.so
25# boost::python::handle_exception_impl(boost::function_n<void>) in /home/ivanam/.conda/envs/bio_inf/lib/python3.11/site-packages/rdkit/../../../libboost_python311.so.1.86.0
26# 0x00007FF27D5969B3 in /home/ivanam/.conda/envs/bio_inf/lib/python3.11/site-packages/rdkit/../../../libboost_python311.so.1.86.0
27# _PyObject_MakeTpCall in /home/ivanam/.conda/envs/bio_inf/bin/python
28# _PyEval_EvalFrameDefault in /home/ivanam/.conda/envs/bio_inf/bin/python
29# 0x00005582C1B4242D in /home/ivanam/.conda/envs/bio_inf/bin/python
30# PyEval_EvalCode in /home/ivanam/.conda/envs/bio_inf/bin/python
31# 0x00005582C1B60A1A in /home/ivanam/.conda/envs/bio_inf/bin/python
32# 0x00005582C1B5C593 in /home/ivanam/.conda/envs/bio_inf/bin/python
33# 0x00005582C1B71930 in /home/ivanam/.conda/envs/bio_inf/bin/python
34# _PyRun_SimpleFileObject in /home/ivanam/.conda/envs/bio_inf/bin/python
35# _PyRun_AnyFileObject in /home/ivanam/.conda/envs/bio_inf/bin/python
36# Py_RunMain in /home/ivanam/.conda/envs/bio_inf/bin/python
37# Py_BytesMain in /home/ivanam/.conda/envs/bio_inf/bin/python
38# 0x00007FF2E246124A in /lib/x86_64-linux-gnu/libc.so.6
39# __libc_start_main in /lib/x86_64-linux-gnu/libc.so.6
40# 0x00005582C1B3191D in /home/ivanam/.conda/envs/bio_inf/bin/python
----------
****

2025-10-21 03:59:46.547456: I tensorflow/compiler/xla/stream_executor/cuda/cuda_gpu_executor.cc:894] successful NUMA node read from SysFS had negative value (-1), but there must be at least one NUMA node, so returning NUMA node zero. See more at https://github.com/torvalds/linux/blob/v6.0/Documentation/ABI/testing/sysfs-bus-pci#L344-L355
2025-10-21 03:59:46.551056: W tensorflow/core/common_runtime/gpu/gpu_device.cc:2211] Cannot dlopen some GPU libraries. Please make sure the missing libraries mentioned above are installed properly if you would like to use GPU. Follow the guide at https://www.tensorflow.org/install/gpu for how to download and setup the required libraries for your platform.
Skipping registering GPU devices...
